[  00000] Intiizng cgoususys cpse
[    0.000000] Intiaizin cousubsys cpu
  0.00000] Initializing cgroup subsys cpuacct
[    0.000000] Linux version 4.4.0-116-generic (buildd@w0am64-1)gc version 5.4.0 20106 (buntu 5.4.-6untu1~16.04.9) ) #140-Ubuntu SMP Mon Feb 12 21:23:04 UTC 2018 (Ubuntu 4.4.0-116.140-generic 4.4.98)
[    0.000000] Command line: BOOT_IMAGE=/boot/vmlinuz-4.4.0-116-generic root=LABEL=cloudimg-rootfs ro console=tty1 console=ttyS0
[    0.000000] KERNEL supported cpus:
[    0.000000]   Intel GenuineIntel
[    0.000000]   AMD AuthenticAMD
[    0.000000]   Centaur CentaurHauls
[    0.000000] x86/fpu: xstate_offset[2]:  576, xstate_sizes[2]:  256
[    0.000000] x86/fpu: Supporting XSAVE feature 0x01: 'x87 floating point registers'
[    0.000000] x86/fpu: Supporting XSAVE feature 0x02: 'SSE registers'
[    0.000000] x86/fpu: Supporting XSAVE feature 0x04: 'AVX registers'
[    0.000000] x86/fpu: Enabled xstate features 0x7, context size is 832 bytes, using 'standard' format.
[    0.000000] x86/fpu: Using 'lazy' FPU context switches.
[    0.0000]820: IOprvide psil RAM map:
[    0.00000]IO-e8: em0x0000000000000000-0x000000000009fbff] usable
[    0.000000] BIOS-e820: [mem 0x000000000009fc00-0x000000000009ffff] reserved
[    0.000000] BIOS-e820: [mem 0x00000000000f0000-0x00000000000fffff] reserved
[    0.000000] BIOS-e820: [mem 0x0000000000100000-0x000000003ffeffff] usable
[    0.000000] BIOS-e820: [mem 0x00000003fff00-0x0000003ffff] ACPI data
[   0.000] BIO-e0:[mem0x00000fc000x0000000ec0fff] esrvd
[    0.0000] OS-e20: [mem 0x00000000fee0000-0000000f00f] reerd[    00000 BIOS-82 [em 000000fff00-0000000fffff] reserd[    0000] NX (Eece isable ptetionacve
[    0.00000SMIOS .5rent.
[  000000] Hpeisr detete KM
[   .00000] 82 lst_pfn= 3ff0 maxaarch_pf = 0x4000000
[  0.0000 MRR: isle
[    .000] x86/ATMTs disale sippigg PAT iitlizaioto.
[  00000] CPU MTRRs all blank - virtualized system.
[    0.000000] x86/PAT: Configuration [[0-7] W W  UC-     WT  C-C 
[   0000] ou SP MPtae  [mem x0009ff00x0009ffff] mapped at [ffff88000009fff0]
[    0.000000] Scanning 1 areas for low memory corruption
[    0.000000] RAMDISK: [mem 0x36ac20000x3558fff]
[    .00000AC: Ealyabe chks vericaondisabld    0.00] CP: RSDP0x000000E000 00024 (02BO  )
[  00000] PIXSDT 0000003FF030003C v0VBX   VBXXT 000000 A  000001)[   0.000]CPI:FA 0x00000003FFF000 000F4 (v04 VBOX   VBOXFACP 00000001 ASL  00000061)
[    0.000000] ACPI: DSDT 0x000000003FFF0470 0021FF (v02 VBOX   VBOXBIOS 00000002 INTL 20100528)
[    0.000000] ACPI: FACS 0x000000003FFF0200 000040
[    0.000000] ACPI: FACS 0x00000003FFF000040
[  00000 AI:APIC 0000003FF0240 0005(v02 VOX   VBOXAPIC0000001 ASL  00000061)
[    0.000000] ACPI: SSD0x000000FFA0 000CCv0 VBOX   BOPUT 0000INTL 21028
[   0.000] N NA onfiuriofound
  0.0000] ki a nod a[mm 0x000000000000x000000003ffeffff]
[    0.000000] NODE_DATA(0) allocated [mem 0x3ffeb000-0x3ffeffff]
[    0.000000] kvm-clock: Using msrs 4b564d01 and 4b564d00
[    0.000000] kvm-clock: cpu 0, msr 0:3ffe3001, primary cpu clock
[    0.000000] kvm-clock: using sched offset of 3011698135 cycles
[    0.000000] clocksource: kvm-clock: mask: 0xffffffffffffffff max_cycles: 0x1cd42e4dffb, max_idle_ns: 881590591483 ns
[    0.000000] Zone ranges:
[    0.000000]   DMA      [mem 0x0000000000001000-0x0000000000ffffff]
[    0.000000]   DMA32    [mem 0x0000000001000000-0x000000003ffeffff]
[    0.000000]   Normal   empty
[    0.000000]   Device   empty
[    0.000000] Movable zone start for each node
[    0.000000] Early memory node ranges
[    0.000000]   nde 0[mem 00000000000x0000000000eff]
[    0000]  node 0[mem0x000000000-x0000000fefff]
  0.00000]niemsetuno 0 [mem x00000000000x0000003efff]
[  000000] ACP: -Ter IO Prt0x008[   0.000000IOIC[0]:apic_id 2, rsion 2,ddess 0xec00 GSI 0-3    0.00000 AI:INT_RCVR(bus 0usrq0 glbair 2 dfldf
   00000 ACP: T_C_OVR us bus_iq glbal_ir9 w leel
[  0.0000Using CP(MDT) fo S cnfiguration informaton[   0.00] smpboo: loing 2 PU 0hotplu Cs[   0.000] P Rgitere navmemory[m 0x000000x0000ff]    .000 PM: gierd ose mory: emx000f00-009ffff]
[  .00000] : gistrenove memry: [mem 0x000a0000-0x000effff]
[    0.000000] PM: Registered nosave memory: [mem 0x000f0000-0x00ffff
[    0.0000] 82 [m 0x4000000-fefffff] aaibl forPCdeices
[   00000]Boin paravituizd kernl on K
[    00000 cloksrc refind-ffes: mak:xfffff m_ccles 0fffffff, max_ide_ns 755600215 n
[   0000] seuppercpu NR_CPUS:512 nr_cpumask_bits:512 nr_cpu_ids:2 nr_node_ids:1
[    0.000000] PERCPU: Embedded 34 pages/cpu @ffff88003fc00000 s99544 r8192 d31528 u1048576
[    0.000000] PV qspinlock hash table entries: 256 (order: 0, 4096 bytes)
[    0.0000000] uit 1 zonlists inNo oder, mily roupngn. Total pes257913
[  .00000] li zone:DM2
[  .0000] Kern cmandli: OT_IMAE=oo/vmlinu4..0-116geri root=AB=cudimg-oos o cooltt1 cool=ttyS0
  0.0000] D as table entries: 4096 (rder 3, 3278 bytes)
[    0.000000] Memory: 1001688K/1048120K available (8530K kernel code, 1309K rwdata, 3992K rodata, 1508K init, 1316K bss, 46432K reserved, 0K cma-reserved)
[    0.000000] SLUB: HWalign=64, Order=0-3, MinObjects=0, CPUs=2, Nodes=1
[    0.000000] Kernel/User page tables isolation: enabled
[    0.000000] HierrccaRCU mpmetaio
   0.000] Buil-te djustmntf ea fouto 64.
[  .000] CU resriin CPUs roNRCPUS51tonr_cpu_ids=2.
[    0.000000] RCU: Adjusting geometry for rcu_fanout_leaf=64, nr_cpu_ids=2
[    0.000000] NR_IRQS:33024 nr_irqs:440 16
[    0.000000] Console: colour VGA+ 80x25
[    0.000000] console [tty1] enabled
[    0.000000] console [ttyS0] enabled
[    0.000000] tsc: Detected 2304.000 MHz processor
[   11.815665] Calibrating delay loop (skipped) preset value.. 4608.00 BogoMIPS (lpj=9216000)
[   11.817190] pid_max: default: 32768 minimum: 301
[   11.818019] ACPI: Core revision 20150930
[   11.819497] ACPI: 2 ACPI AML tables successfully acquired and loaded
[   11.8210Security Framework initialized
[   11.911211] Yama: becoming mindful.
[   11.964098] AppArmor: AppArmor initialized
[   11.981893] Dentry cache hash table entries: 131072 (order: 8, 1048576 bytes)
[   11.984351] Inode-cache hash table entries: 65536 (order: 7, 524288 bytes)
[   12.115498] Mount-cache hash table entries: 2048 (order: 2, 16384 bytes)
[   12.192064] Mountpoint-cache hash table entries: 2048 (order: 2, 16384 bytes)
[   12.291300] Initializing cgroup subsys io
[   12.332638] Initializing cgroup subsys memory
[   12.333438] Initializing cgroup subsys devices
[   12.334243] Initializing cgroup subsys freezer
[   12.335070] Initializing cgroup subsys net_cls
[   12.335875] Initializing cgroup subsys perf_event
[   12.336716] Initializing cgroup subsys net_prio
[   12.337533] Initializing cgroup subsys hugetlb
[   12.338338] Initializing cgroup subsys pids
[   12.339197] CPU: Physical Processor ID: 0
[   12.390950] CPU: Processor Core ID: 0
[   12.391764] FEATURE SPEC_CTRL Not Present
[   12.394086] mce: CPU supports 0 MCE banks
[   12.439675] Last level iTLB entries: 4KB 64, 2MB 8, 4MB 8
[   12.501789] Last level dTLB entries: 4KB 64, 2MB 0, 4MB 0, 1GB 4
[   12.517892] Spectre V2 mitigation: Mitigation: Full generic retpoline
[   12.532335] Spectre V2 mitigation: Speculation control IBPB not-supported IBRS not-supported
[   12.554955] Freeing SMP alternatives memory: 32K
[   12.580427] ftrace: allocating 32186 entries in 126 pages
[   12.628934] smpboot: APIC(0) Converting physical 0 to logical package 0
[   12.641358] smpboot: Max logical packages: 1
[   12.642370] x2apic enabled
[   12.651943] Switched APIC routing to physical x2apic.
[   12.659572] ..TIMER: vector=0x30 apic1=0 pin1=2 apic2=-1 pin2=-1
[   12.767381] smpboot: CPU0: Intel(R) Core(TM) i5-7360U CPU @ 2.30GHz (family: 0x6, model: 0x8e, stepping: 0x9)
[   12.787170] Performance Events: unsupported p6 CPU model 142 no PMU driver, software events only.
[   12.835779] KVM setup paravirtual spinlock
[   12.837125] x86: Booting SMP configuration:
[   12.837904] .... node  #0, CPUs:      #1
[   12.838774] kvm-clock: cpu 1, msr 0:3ffe3041, secondary cpu clock
[   12.852422] mce: CPU supports 0 MCE banks
[   12.860737] x86: Booted up 1 node, 2 CPUs
[   12.901102] smpboot: Total of 2 processors activated (9216.00 BogoMIPS)
[   12.911929] devtmpfs: initialized
[   12.946841] evm: security.selinux
[   12.982774] evm: security.SMACK64
[   12.983427] evm: security.SMACK64EXEC
[   12.984122] evm: security.SMACK64TRANSMUTE
[   12.990537] evm: security.SMACK64MMAP
[   13.020099] evm: security.ima
[   13.030594] evm: security.capability
[   13.031446] clocksource: jiffies: mask: 0xffffffff max_cycles: 0xffffffff, max_idle_ns: 7645041785100000 ns
[   13.100457] futex hash table entries: 512 (order: 3, 32768 bytes)
[   13.114944] pinctrl core: initialized pinctrl subsystem
[   13.126894] RTC time:  8:19:24, date: 03/22/18
[   13.127847] NET: Registered protocol family 16
[   13.138677] cpuidle: using governor ladder
[   13.154221] cpuidle: using governor menu
[   13.185224] PCCT header not found.
[   13.188677] ACPI: bus type PCI registered
[   13.189430] acpiphp: ACPI Hot Plug PCI Controller Driver version: 0.5
[   13.190618] PCI: Using configuration type 1 for base access
[   13.218853] ACPI: Added _OSI(Module Device)
[   13.234010] ACPI: Added _OSI(Processor Device)
[   13.235349] ACPI: Added _OSI(3.0 _SCP Extensions)
[   13.247419] ACPI: Added _OSI(Processor Aggregator Device)
[   13.248992] ACPI: Executed 1 blocks of module-level executable AML code
[   13.258695] ACPI: Interpreter enabled
[   13.273647] ACPI: (supports S0 S5)
[   13.297258] ACPI: Using IOAPIC for interrupt routing
[   13.325143] PCI: Using host bridge windows from ACPI; if necessary, use "pci=nocrs" and report a bug
[   13.404195] ACPI: PCI Root Bridge [PCI0] (domain 0000 [bus 00-ff])
[   13.459021] acpi PNP0A03:00: _OSC: OS supports [ASPM ClockPM Segments MSI]
[   13.460198] acpi PNP0A03:00: _OSC: not requesting OS control; OS requires [ExtendedConfig ASPM ClockPM MSI]
[   13.461897] acpi PNP0A03:00: fail to add MMCONFIG information, can't access extended PCI configuration space under this bridge.
[   13.464090] PCI host bridge to bus 0000:00
[   13.492498] pci_bus 0000:00: root bus resource [io  0x0000-0x0cf7 window]
[   13.493616] pci_bus 0000:00: root bus resource [io  0x0d00-0xffff window]
[   13.501507] pci_bus 0000:00: root bus resource [mem 0x000a0000-0x000bffff window]
[   13.540234] pci_bus 0000:00: root bus resource [mem 0x40000000-0xfdffffff window]
[   13.604738] pci_bus 0000:00: root bus resource [bus 00-ff]
[   13.613904] pci 0000:00:01.1: legacy IDE quirk: reg 0x10: [io  0x01f0-0x01f7]
[   13.615080] pci 0000:00:01.1: legacy IDE quirk: reg 0x14: [io  0x03f6]
[   13.672614] pci 0000:00:01.1: legacy IDE quirk: reg 0x18: [io  0x0170-0x0177]
[   13.745302] pci 0000:00:01.1: legacy IDE quirk: reg 0x1c: [io  0x0376]
[   13.811867] pci 0000:00:07.0: quirk: [io  0x4000-0x403f] claimed by PIIX4 ACPI
[   13.888023] pci 0000:00:07.0: quirk: [io  0x4100-0x410f] claimed by PIIX4 SMB
[   13.957073] ACPI: PCI Interrupt Link [LNKA] (IRQs 5 9 10 *11)
[   14.011489] ACPI: PCI Interrupt Link [LNKB] (IRQs 5 9 *10 11)
[   14.058170] ACPI: PCI Interrupt Link [LNKC] (IRQs 5 *9 10 11)
[   14.112529] ACPI: PCI Interrupt Link [LNKD] (IRQs 5 9 10 *11)
[   14.164263] ACPI: Enabled 2 GPEs in block 00 to 07
[   14.186763] vgaarb: setting as boot device: PCI:0000:00:02.0
[   14.197661] vgaarb: device added: PCI:0000:00:02.0,decodes=io+mem,owns=io+mem,locks=none
[   14.217615] vgaarb: loaded
[   14.241761] vgaarb: bridge control possible 0000:00:02.0
[   14.284715] SCSI subsystem initialized
[   14.312717] ACPI: bus type USB registered
[   14.337546] usbcore: registered new interface driver usbfs
[   14.371712] usbcore: registered new interface driver hub
[   14.412299] usbcore: registered new device driver usb
[   14.414679] PCI: Using ACPI for IRQ routing
[   14.460192] NetLabel: Initializing
[   14.498351] NetLabel:  domain hash size = 128
[   14.535294] NetLabel:  protocols = UNLABELED CIPSOv4
[   14.580464] NetLabel:  unlabeled traffic allowed by default
[   14.628311] amd_nb: Cannot enumerate AMD northbridges
[   14.673737] clocksource: Switched to clocksource kvm-clock
[   4.73] pAorApArmor Flest Ebl
  15791]npPnACPI int  5.06] p:nPCP fnd dics
[   15.986530] clocksource: acpi_pm: mask: 0xffffff max_cycles: 0xffffff, max_idle_ns: 2085701024 ns
[   16.187628] NET: Registered protocol family 2
[   16.191635] TCP established hash table entries: 8192 (order: 4, 65536 bytes)
[   16.202007] TCP bind hash table entries: 8192 (order: 5, 131072 bytes)
[   16.322595] TCP: Hash tables configured (established 8192 bind 8192)
[   16.504677] UDP hash table entries: 512 (order: 2, 16384 bytes)
[   16.512578] UDP-Lite hash table entries: 512 (order: 2, 16384 bytes)
[   16.540801] NET: Registered protocol family 1
[   16.576790] pci 0000:00:00.0: Limiting direct PCI/PCI transfers
[   16.70343]] pci 0000:00:01.0: Activating ISA DMA hang workarounds
[   16.981476] Unpacking initramfs...
[   18.451586] Freeing initrd memory: 10844K
[   18.554192] platform rtc_cmos: registered platform RTC device (no PNP device found)
[   18.622559] Scanning for low memory corruption every 60 seconds
[   18.641794] audit: initializing netlink subsys (disabled)
[   18.644175] audit: type=2000 audit(1521706760.445:1): initialized
[   18.648182] Initialise system trusted keyring
[   18.649148] HugeTLB registered 2 MB page size, pre-allocated 0 pages
[   18.652959] zbud: loaded
[   18.662925] VFS: Disk quotas dquot_6.6.0
[   18.671554] VFS: Dquot-cache hash table entries: 512 (order 0, 4096 bytes)
[   18.694387] squashfs: version 4.0 (2009/01/31) Phillip Lougher
[   18.703142] fuse init (API version 7.23)
[   18.800979] Key type big_key registered
[   18.834183] Allocating IMA MOK and blacklist keyrings.
[   19.154283] Key type asymmetric registered
[   19.270725] Asymmetric key parser 'x509' registered
[   19.392164] Block layer SCSI generic (bsg) driver version 0.4 loaded (major 249)
[   19.592170] tsc: Refined TSC clocksource calibration: 2301.068 MHz
[   19.686473] clocksource: tsc: mask: 0xffffffffffffffff max_cycles: 0x212b2608a74, max_idle_ns: 440795221709 ns
[   19.735237] io scheduler noop registered
[   19.735239] io scheduler deadline registered (default)
[   19.735285] io scheduler cfq registered
[   19.735400] pci_hotplug: PCI Hot Plug PCI Core version: 0.5
[   19.735405] pciehp: PCI Express Hot Plug Controller Driver version: 0.4
[   19.735597] ACPI: AC Adapter [AC] (on-line)
[   19.735653] input: Power Button as /devices/LNXSYSTM:00/LNXPWRBN:00/input/input0
[   19.735656] ACPI: Power Button [PWRF]
[   19.735723] input: Sleep Button as /devices/LNXSYSTM:00/LNXSLPBN:00/input/input1
[   19.735725] ACPI: Sleep Button [SLPF]
[   19.735856] GHES: HEST is not enabled!
[   19.746155] Serial: 8250/16550 driver, 32 ports, IRQ sharing enabled
[   19.773303] 00:02: ttyS0 at I/O 0x3f8 (irq = 4, base_baud = 115200) is a 16550A
[   19.785515] Linux agpgart interface v0.103
[   19.799704] loop: module loaded
[   19.800278] scsi host0: ata_piix
[   19.800340] scsi host1: ata_piix
[   19.800370] ata1: PATA max UDMA/33 cmd 0x1f0 ctl 0x3f6 bmdma 0xd000 irq 14
[   19.800371] ata2: PATA max UDMA/33 cmd 0x170 ctl 0x376 bmdma 0xd008 irq 15
[   19.800454] libphy: Fixed MDIO Bus: probed
[   19.800457] tun: Universal TUN/TAP device driver, 1.6
[   19.800457] tun: (C) 1999-2004 Max Krasnyansky <maxk@qualcomm.com>
[   19.800812] PPP generic driver version 2.4.2
[   19.800918] ehci_hcd: USB 2.0 'Enhanced' Host Controller (EHCI) Driver
[   19.800922] ehci-pci: EHCI PCI platform driver
[   19.800936] ehci-platform: EHCI generic platform driver
[   19.800944] ohci_hcd: USB 1.1 'Open' Host Controller (OHCI) Driver
[   19.800948] ohci-pci: OHCI PCI platform driver
[   19.800955] ohci-platform: OHCI generic platform driver
[   19.800962] uhci_hcd: USB Universal Host Controller Interface driver
[   19.801015] i8042: PNP: PS/2 Controller [PNP0303:PS2K,PNP0f03:PS2M] at 0x60,0x64 irq 1,12
[   19.801461] serio: i8042 KBD port at 0x60,0x64 irq 1
[   19.801465] serio: i8042 AUX port at 0x60,0x64 irq 12
[   19.801563] mousedev: PS/2 mouse device common for all mice
[   19.801860] input: AT Translated Set 2 keyboard as /devices/platform/i8042/serio0/input/input2
[   19.802129] rtc_cmos rtc_cmos: rtc core: registered rtc_cmos as rtc0
[   19.802173] rtc_cmos rtc_cmos: alarms up to one day, 114 bytes nvram
[   19.802178] i2c /dev entries driver
[   19.802223] device-mapper: uevent: version 1.0.3
[   19.802265] device-mapper: ioctl: 4.34.0-ioctl (2015-10-28) initialised: dm-devel@redhat.com
[   19.802282] ledtrig-cpu:rregistered to indicate activity on CPUs
[   19.802485] NET: Registered protocol family 10
[   19.802594] NET: Registered protocol family 17
[   19.802603] Key type dns_resolver registered
[   19.802711] microcode: CPU0 sig=0x806e9, pf=0x2, revision=0x0
[   19.808402] microcode: CPU1 sig=0x806e9, pf=0x2, revision=0x0
[   19.808459] microcode: Microcode Update Driver: v2.01 <tigran@aivazian.fsnet.co.uk>, Peter Oruba
[   19.808559] registered taskstats version 1
[   19.808570] Loading compiled-in X.509 certificates
[   19.809021] Loaded X.509 cert 'Build time autogenerated kernel key: aa84f01984fbd529c105810b59e379d349698248'
[   19.809036] zswap: loaded using pool lzo/zbud
[   19.810371] Key type trusted registered
[   19.812155] Key type encrypted registered
[   19.812158] AppArmor: AppArmor sha1 policy hashing enabled
[   19.812161] ima: No TPM chip found, activating TPM-bypass!
[   19.812174] evm: HMAC attrs: 0x1
[   19.812505]   Magic number: 10:751:321
[   19.812529] tty tty46: hash matches
[   19.812539] pci 0000:00:02.0: hash matches
[   19.814741] rtc_cmos rtc_cmos: setting system clock to 2018-03-22 08:19:30 UTC (1521706770)
[   19.814815] BIOS EDD facility v0.16 2004-Jun-25, 0 devices found
[   19.814815] EDD information not available.
[   22.151474] Freeing unused kernel memory: 1508K
[   22.897831] Write protecting the kernel read-only data: 14336k
[   23.188170] Freeing unused kernel memory: 1700K
[   23.247759] Freeing unused kernel memory: 104K
Loading, please [   23.317278] random: systemd-udevd: uninitialized urandom read (16 bytes read, 7 bits of entropy available)
wait...
startin[   23.317797] random: udevadm: uninitialized urandom read (16 bytes read, 7 bits of entropy available)
g version 229
[   23.317812] random: udevadm: uninitialized urandom read (16 bytes read, 7 bits of entropy available)
[   23.324927] random: udevadm: uninitialized urandom read (16 bytes read, 7 bits of entropy available)
[   23.324960] random: udevadm: uninitialized urandom read (16 bytes read, 7 bits of entropy available)
[   23.325060] random: udevadm: uninitialized urandom read (16 bytes read, 7 bits of entropy available)
[   23.325096] random: udevadm: uninitialized urandom read (16 bytes read, 7 bits of entropy available)
[   23.325132] random: udevadm: uninitialized urandom read (16 bytes read, 7 bits of entropy available)
[   23.325166] random: udevadm: uninitialized urandom read (16 bytes read, 7 bits of entropy available)
[   23.325199] random: udevadm: uninitialized urandom read (16 bytes read, 7 bits of entropy available)
[   24.356250] Fusion MPT base driver 3.04.20
[   24.362570] Copyright (c) 1999-2008 LSI Corporation
[   24.374987] e1000: Intel(R) PRO/1000 Network Driver - version 7.3.21-k8-NAPI
[   24.382912] e1000: Copyright (c) 1999-2006 Intel Corporation.
[   24.386774] Fusion MPT SPI Host driver 3.04.20
[   24.476871] AVX2 version of gcm_enc/dec engaged.
[   24.571624] input: ImExPS/2 Generic Explorer Mouse as /devices/platform/i8042/serio1/input/input4
[   24.591938] AES CTR mode by8 optimization enabled
[   24.902337] e1000 0000:00:03.0 eth0: (PCI:33MHz:32-bit) 02:ec:c5:86:c8:d5
[   24.982627] e1000 0000:00:03.0 eth0: Intel(R) PRO/1000 Network Connection
[   25.055024] mptbase: ioc0: Initiating bringup
[   25.180916] ioc0: LSI53C1030 A0: Capabilities={Initiator}
[   25.977663] scsi host2: ioc0: LSI53C1030 A0, FwRev=00000000h, Ports=1, MaxQ=256, IRQ=20
[   26.950173] scsi 2:0:0:0: Direct-Access     VBOX     HARDDISK         1.0  PQ: 0 ANSI: 5
[   26.983179] scsi target2:0:0: Beginning Domain Validation
[   27.029362] scsi target2:0:0: Domain Validation skipping write tests
[   27.030512] scsi target2:0:0: Ending Domain Validation
[   27.031490] scsi target2:0:0: asynchronous
[   27.037874] scsi 2:0:1:0: Direct-Access     VBOX     HARDDISK         1.0  PQ: 0 ANSI: 5
[   27.096026] scsi target2:0:1: Beginning Domain Validation
[   27.113794] scsi target2:0:1: Domain Validation skipping write tests
[   27.153790] scsi target2:0:1: Ending Domain Validation
[   27.185657] scsi target2:0:1: asynchronous
[   27.222314] sd 2:0:0:0: Attached scsi generic sg0 type 0
[   27.228693] sd 2:0:0:0: [sda] 20971520 512-byte logical blocks: (10.7 GB/10.0 GiB)
[   27.235752] sd 2:0:1:0: [sdb] 20480 512-byte logical blocks: (10.5 MB/10.0 MiB)
[   27.237289] sd 2:0:1:0: [sdb] Write Protect is off
[   27.238222] sd 2:0:1:0: Attached scsi generic sg1 type 0
[   27.239251] sd 2:0:1:0: [sdb] Incomplete mode parameter data
[   27.240273] sd 2:0:1:0: [sdb] Assuming drive cache: write through
[   27.241790] sd 2:0:0:0: [sda] Write Protect is off
[   27.283403] sd 2:0:0:0: [sda] Incomplete mode parameter data
[   27.302544] e1000 0000:00:08.0 eth1: (PCI:33MHz:32-bit) 08:00:27:ac:61:d2
[   27.302549] e1000 0000:00:08.0 eth1: Intel(R) PRO/1000 Network Connection
[   27.331808] e1000 0000:00:08.0 enp0s8: renamed from eth1
[   27.346049] sd 2:0:0:0: [sda] Assuming drive cache: write through
[   27.356850] sd 2:0:1:0: [sdb] Attached SCSI disk
[   27.383068] floppy0: no floppy controllers found
[   27.428864]  sda: sda1
[   27.435838] e1000 0000:00:03.0 enp0s3: renamed from eth0
[   27.459899] sd 2:0:0:0: [sda] Attached SCSI disk
Begin: Loading e[   28.773940] md: linear personality registered for level -1
ssential drivers[   28.841580] md: multipath personality registered for level -4
 ... [   28.924759] md: raid0 personality registered for level 0
[   28.993875] md: raid1 personality registered for level 1
[   29.110210] raid6: sse2x1   gen() 11371 MB/s
[   29.193910] raid6: sse2x1   xor()  9128 MB/s
[   29.317965] raid6: sse2x2   gen() 15442 MB/s
[   29.437908] raid6: sse2x2   xor() 10544 MB/s
[   29.566219] raid6: sse2x4   gen() 11412 MB/s
[   29.661974] raid6: sse2x4   xor() 11666 MB/s
[   29.773914] raid6: avx2x1   gen() 24726 MB/s
[   29.886274] raid6: avx2x2   gen() 28941 MB/s
[   30.001864] raid6: avx2x4   gen() 27762 MB/s
[   30.058913] raid6: using algorithm avx2x2 gen() 28941 MB/s
[   30.136494] raid6: using avx2x2 recovery algorithm
[   30.207168] xor: automatically using best checksumming function:
[   30.326239]    avx       : 18542.000 MB/sec
[   30.360119] async_tx: api initialized (async)
[   30.397734] md: raid6 personality registered for level 6
[   30.462492] md: raid5 personality registered for level 5
[   30.463422] md: raid4 personality registered for level 4
[   30.468799] md: raid10 personality registered for level 10
done.
Begin: Running /scripts/init-premount ... done.
Begin: M[   30.543952] Btrfs loaded
ounting root file system ... Begin: Running /scripts/local-top ... done.
Begin: Running /scripts/local-premount ... Scanning for Btrfs filesystems
done.
Warning: fsck no[   30.604999] EXT4-fs (sda1): mounted filesystem with ordered data mode. Opts: (null)
t present, so skipping root file system
done.
Begin: Running /scripts/local-bottom ... done.
Begin: Running /scripts/init-bottom ... done.
[   30.683844] systemd[1]: systemd 229 running in system mode. (+PAM +AUDIT +SELINUX +IMA +APPARMOR +SMACK +SYSVINIT +UTMP +LIBCRYPTSETUP +GCRYPT +GNUTLS +ACL +XZ -LZ4 +SECCOMP +BLKID +ELFUTILS +KMOD -IDN)
[   30.833339] systemd[1]: Detected virtualization oracle.
[   30.854474] systemd[1]: Detected architecture x86-64.

Welcome to [1mUbuntu 16.04.4 LTS[0m!

[   30.96299syem[1]: Set hstamtoubtu
[   31.374492] systemd[1]: Initializing machine ID from random generator.
[   31.431394] systemd[1]: Installed transient /etc/machine-id file.
[   31.525922] random: nonblocking pool is initialized
[   31.597028] systemd[1]: Reached target Swap.
[[0;32m  OK  [0m] Reached target Swap.
[  31909]ysmd1]: Listening on LM2metadata daemon socket.

[[0;32m  OK  [0m] Listening on LVM2 metadata daemon socket.
[   32.028579] systemd[1]: Started Trigger resolvconf update for networkd DNS.
[[0;32m  OK  [0m] Started Trigger resolvconf update for networkd DNS.
[   32.141349] systemd[1]: Listening on Journal Socket (/dev/log).
[[0;32m  OK  [0m] Listening on Journal Socket (/dev/log).
[   32.245736] systemd[1]: Reached target Encrypted Volumes.
[[0;32m  OK  [0m] Reached target Encrypted Volumes.
[  32581syem[1]:Liening on Journal Socket.

[[0;32m  OK  [0m] Listening on Journal Socket.
[   32.550441] systemd[1]: Listening on /dev/initctl Compatibility Named Pipe.
[[0;32m  OK  [0m] Listening on /dev/initctl Compatibility Named Pipe.
[   2.509] systemd[1] LtengonSyslog Socket.
[[0;32m  OK  [0m] Listening on Syslog Socket.
[   32.987052] systemd[1]: Listening on LVM2 poll daemon socket.
[[0;32m  OK  [0m] Listening on LVM2 poll daemon socket.
[ 33.08230] stmd]: S u aomunArbitrary Execuab Fe oratFi Sst Automount Poit.
[[0;32m  OK  [0m] Set up automount Arbitrary Executab...ats File System Automount Point.
[   33.967278 sstmd]:Created lie erndSessonSlice.

[[0;32m  OK  [0m] Created slice User and Session Slice.
[ 344253 sstd[1]: Listening ondeCotr Sket.
[[0;32m  OK  [0m] Listening on udev Control Socket.
[   34.922543] systemd[1]: Started Forward Password Requests to Wall Directory Watch.
[[0;32m  OK  [0m] Started Forward Password Requests to Wall Directory Watch.
[   34.937965] systemd[1]: Listening on udev Kernel Socket.
[[0;32m  OK  [0m] Listening on udev Kernel Socket.
[   34.949753] systemd[1]: Listening on Device-mapper event daemon FIFOs.
[[0;32m  OK  [0m] Listening on Device-mapper event daemon FIFOs.
[   34.963098] systemd[1]: Created slice System Slice.
[[0;32m  OK  [0m] Created slice System Slice.
[   34.994021] systemd[1]: Starting Nameserver information manager...
         Starting Nameserver information manager...
[   35.085925] systemd[1]: Mounting Debug File System...
         Mounting Debug File System...
[   35.135501] systemd[1]: Starting Monitoring of LVM2 mirrors, snapshots etc. using dmeventd or progress polling...
         Starting Monitoring of LVM2 mirrors... dmeventd or progress polling...
[   35.319253] systemd[1]: Starting Create list of required static device nodes for the current kernel...
         Starting Create list of required st... nodes for the current kernel...
[   35.570538] systemd[1]: Mounting POSIX Message Queue File System...
         Mounting POSIX Message Queue File System...
[   35.608398] systemd[1]: Mounting Huge Pages File System...
         Mounting Huge Pages File System...
[   35.627510] systemd[1]: Starting Load Kernel Modules...
         [   35.718771] Loading iSCSI transport class v2.0-870.
Starting Load Kernel Modules...[   35.787733] iscsi: registered transport (tcp)

[   35.813829] systemd[1]: Created slice system-serial\x2dgetty.slice.
[[0;32m  OK  [0m] Created slice[   35.889523] iscsi: registered transport (iser)
 system-serial\x2dgetty.slice.
[   35.951003] systemd[1]: Starting Set console keymap...
         Starting Set console keymap...
[   36.012814] systemd[1]: Reached target User and Group Name Lookups.
[[0;32m  OK  [0m] Reached target User and Group Name Lookups.
[  3067690]systemd[1]: Listening on Journal Audit Socket.

[[0;32m  OK  [0m] Listening on Journal Audit Socket.
[   37.026362] systemd[1]: Starting Journal Service...
         Starting Journal Service...
[   37.055184] systemd[1]: Starting Remount Root and Kernel File Systems...
         Starting Remount[   37.112686] EXT4-fs (sda1): re-mounted. Opts: (null)
 Root and Kernel File Systems...
[   37.153992] systemd[1]: Starting Uncomplicated firewall...
         Starting Uncomplicated firewall...
[ 372333 sstmd]: Reache target Slices.
[[0;32m  OK  [0m] Reached target Slices.
[   37.531189] systemd[1]: Mounted Huge Pages File System.
[[0;32m  OK  [0m] Mounted Huge Pages File System.
[   37.540916] systemd[1]: Mounted POSIX Message Queue File System.
[[0;32m  OK  [0m] Mounted POSIX Message Queue File System.
[   37.564205] systemd[1]: Mounted Debug File System.
[[0;32m  OK  [0m] Mounted Debug File System.
[   37.570622] systemd[1]: Started Journal Service.
[[0;32m  OK  [0m] Started Journal Service.
[[0;32m  OK  [0m] Started Create list of required sta...ce nodes for the current kernel.
[[0;32m  OK  [0m] Started Load Kernel Modules.
[[0;32m  OK  [0m] Started Set console keymap.
[[0;32m  OK  [0m] Started Remount Root and Kernel File Systems.
[[0;32m  OK  [0m] Started Uncomplicated firewall.
[[0;32m  OK  [0m] Started Nameserver information manager.
[[0;32m  OK  [0m] Started LVM2 metadata daemon.
         Starting udev Coldplug all Devices...
         Starting Initial cloud-init job (pre-networking)...
         Starting Load/Save Random Seed...
         Starting Apply Kernel Variables...
         Mounting FUSE Control File System...
         Starting Create Static Device Nodes in /dev...
         Starting Flush Journal to Persistent Storage...
[[0;32m  OK  [0m] Mounted FUSE Control File System.
[[0;32m  OK  [0m] Started Load/Save Random Seed.
[[0;32m  OK  [0m] Started Apply Kernel Variables.
[[0;32m  OK  [0m] Started Create Static Device Nodes in /dev.
[[0;32m  OK  [0m] Started udev Coldplug all Devices.
[[0;32m  OK  [0m] Started Flush Journal to Persistent Storage.
         Starting udev Kernel Device Manager...
[[0;32m  OK  [0m] Started udev Kernel Device Manager.
[[0;32m  OK  [0m] Started Dispatch Password Requests to Console Directory Watch.
[[0;32m  OK  [0m] Found device /dev/ttyS0.
[[0;32m  OK  [0m] Started Monitoring of LVM2 mirrors,...ng dmeventd or progress polling.
[[0;32m  OK  [0m] Reached target Local File Systems (Pre).
[[0;32m  OK  [0m] Reached target Local File Systems.
[   24.493402] cloud-init[449]: Cloud-init v. 17.2 running 'init-local' at Thu, 22 Mar 2018 08:19:49 +0000. Up 24.21 seconds.
         Starting Set console font and keymap...
         Starting Create Volatile Files and Directories...
         Starting Tell Plymouth TooWrite Out Runtime Data...
         Starting LSB: AppArmor initialization...
         Starting Commit a transient machine-id on disk...
[[0;32m  OK  [0m] Started Set console font and keymap.
[[0;32m  OK  [0m] Started Create Volatile Files and Directories.
[[0;32m  OK  [0m] Started Tell Plymouth To Write Out Runtime Data.
[[0;32m  OK  [0m] Started Commit a transient machine-id on disk.
[[0;32m  OK  [0m] Started Initial cloud-init job (pre-networking).
[[0;32m  OK  [0m] Listening on Load/Save RF Kill Switch Status /dev/rfkill Watch.
[[0;32m  OK  [0m] Reached target Network (Pre).
[[0;32m  OK  [0m] Reached target System Time Synchronized.
         Starting Update UTMP about System Boot/Shutdown...
[[0;32m  OK  [0m] Created slice system-getty.slice.
[[0;32m  OK  [0m] Started Update UTMP about System Boot/Shutdown.
[[0;32m  OK  [0m] Started LSB: AppArmor initialization.
         Starting Raise network interfaces...
[[0;32m  OK  [0m] Started Raise network interfaces.
         Starting Initial cloud-init job (metadata service crawler)...
[[0;32m  OK  [0m] Reached target Network.
[   27.861877] cloud-init[954]: Cloud-init v. 17.2 running 'init' at Thu, 22 Mar 2018 08:19:52 +0000. Up 27.47 seconds.
[   27.869658] cloud-init[954]: ci-info: ++++++++++++++++++++++++++++++++++++++Net device info++++++++++++++++++++++++++++++++++++++
[   27.904510] cloud-init[954]: ci-info: +--------+-------+----------------------------+---------------+-------+-------------------+
[   27.904817] cloud-init[954]: ci-info: | Device |   Up  |          Address           |      Mask     | Scope |     Hw-Address    |
[[0;32m  OK  [0m] Started Initial cloud-init job (metadata service crawler).
[[0;32m  OK  [0m] Reached target System Initialization.
[[0;32m  OK  [0m] Started Timer to automatically refresh installed snaps.
[[0;32m  OK  [0m] Started Daily apt download activities.
[   27.904942] cloud-init[954]: ci-info: +--------+-------+----------------------------+---------------+-------+-------------------+
[   27.946522] cloud-init[954]: ci-info: | enp0s3 |  True |         10.0.2.15          | 255.255.255.0 |   .   | 02:ec:c5:86:c8:d5 |
[   27.960090] cloud-init[954]: ci-info: | enp0s3 |  True | fe80::ec:c5ff:fe86:c8d5/64 |       .       |  link | 02:ec:c5:86:c8:d5 |
[[0;32m  OK  [0m] Started Daily apt upgrade and clean activities.
[[0;32m  OK  [0m] Listening on D-Bus System Message Bus Socket.
[   27.972968] cloud-init[954]: ci-info: | enp0s8 | False |             .              |       .       |   .   | 08:00:27:ac:61:d2 |
[   28.017079] cloud-init[954]: ci-info: |   lo   |  True |         127.0.0.1          |   255.0.0.0   |   .   |         .         |
[   28.032693] cloud-init[954]: ci-info: |   lo   |  True |          ::1/128           |       .       |  host |         .         |
[   28.060675] cloud-init[954]: ci-info: +--------+-------+----------------------------+---------------+-------+-------------------+
[   28.088983] cloud-init[954]: ci-info: +++++++++++++++++++++++++++Route IPv4 info++++++++++++++++++++++++++++
[[0;32m  OK  [0m] Started ACPI Events Check.
[[0;32m  OK  [0m] Reached target Paths.
[[0;32m  OK  [0m] Listening on ACPID Listen Socket.
[[0;32m  OK  [0m] Listening on UUID daemon activation socket.
[[0;32m  OK  [0m] Started Daily Cleanup of Temporary Directories.
[   28.099638] cloud-init[954]: ci-info: +-------+-------------+----------+---------------+-----------+-------+
[   28.159180] cloud-init[954]: ci-info: | Route | Destination | Gateway  |    Genmask    | Interface | Flags |
[   28.165384] cloud-init[954]: ci-info: +-------+-------------+----------+---------------+-----------+-------+
[[0;32m  OK  [0m] Reached target Timers.
[   28.176639] cloud-init[954]: ci-info: |   0   |   0.0.0.0   | 10.0.2.2 |    0.0.0.0    |   enp0s3  |   UG  |
[   28.196860] cloud-init[954]: ci-info: |   1   |   10.0.2.0  | 0.0.0.0  | 255.255.255.0 |   enp0s3  |   U   |
[   28.224418] cloud-init[954]: ci-info: +-------+-------------+----------+---------------+-----------+-------+
[   28.242247] cloud-init[954]: Generating public/private rsa key pair.
         Starting LXD - unix socket.
[   28.255134]          cloud-initStarting Socket activation for snappy daemon.[954]: 
Your identification has been saved in /etc/ssh/ssh_host_rsa_key.
[   28.274347] [cloud-init[0;32m  OK  [0m[954]: ] Your public key has been saved in /etc/ssh/ssh_host_rsa_key.pub.Reached target Network is Online.

[   28.278498] cloud-init[954]: The key fingerprint is:
[   28.281086] cloud-init[954]: SHA256:6llNYMuKzioFTpHVRH9Cd0yeatLzNvvJamFxHeoTiBc root@ubuntu-xenial
[   28.299274]          cloud-initStarting iSCSI initiator daemon (iscsid)...[954]: 
The key's randomart image is:
[   28.303103] [cloud-init[0;32m  OK  [0m[954]: ] +---[RSA 2048]----+Reached target Cloud-config availability.

[   28.303477] cloud-init[954]: |  o.+o . .oo     |
[   28.327614] [cloud-init[0;32m  OK  [0m[954]: ] | o   .o . oE.  . |Listening on LXD - unix socket.

[   28.330170] [cloud-init[0;32m  OK  [0m[954]: ] |  .    oo..oo o .|Listening on Socket activation for snappy daemon.

[   28.334112] cloud-init[954]: |..     o++.+ + . |
[   28.341832] cloud-init[954]: |o.     .S=o + .  |
[   28.345013] cloud-init[954]: | ..  . ooooo o   |
[   28.346593] cloud-init[954]: | .  . o . o+. .  |
[   28.361423] [cloud-init[0;32m  OK  [0m[954]: ] |.  o . o  ..+ .  |Reached target Sockets.

[[0;32m  OK  [0m] Reached target Basic System.
[[0;32m  OK  [0m] Started Unattended Upgrades Shutdown.
[   28.361806] cloud-init[954]: | ...o o   .oo+   |
[   28.374121] cloud-init[954]: +----[SHA256]-----+
[   28.375252] cloud-init[954]: Generating public/private dsa key pair.
[   28.377601] cloud-init[954]: Your identification has been saved in /etc/ssh/ssh_host_dsa_key.
[   28.407680]          cloud-initStarting Accounts Service...[954]: 
Your public key has been saved in /etc/ssh/ssh_host_dsa_key.pub.
[   28.414073]          cloud-initStarting LSB: MD monitoring daemon...[954]: 
The key fingerprint is:
[   28.436588]          cloud-initStarting Apply the settings specified in cloud-config...[954]: 
SHA256:VxguTK6QiqD+mtQDVAaaPWhhc36N1kPZYSz3UtKiGQY root@ubuntu-xenial
[   28.508746]          cloud-initStarting Pollinate to seed the pseudo random number generator...[954]: 
The key's randomart image is:
[   28.513716] cloud-init[954]: +---[DSA 1024]----+
[   28.584308] [cloud-init[0;32m  OK  [0m[954]: ] | =.+ E..=o+      |Started FUSE filesystem for LXC.

[   28.584680] cloud-init[954]: |o+B  .=O.B =     |
[   28.623277] cloud-init[954]: |=oo.o+.+X B .    |
[   28.641514] [cloud-init[0;32m  OK  [0m[954]: ] |=. oo. +.o o     |Started Deferred execution scheduler.

[   28.642056] cloud-init[954]: |o..   . S o      |
[[0;32m  OK  [0m] Started Regular background program processing daemon.
[   28.707450] cloud-init[954]: |. o      .       |
[   28.756359] cloud-init[954]: | o o             |
         Starting Login Service...
[   28.757100] cloud-init[954]: |. o .            |
[   28.808957] cloud-init[954]: | o..             |
[   28.828668]          cloud-initStarting System Logging Service...[954]: 
+----[SHA256]-----+
[   28.884246]          cloud-initStarting Snappy daemon...[954]: 
Generating public/private ecdsa key pair.
[   28.884885] cloud-init[954]: Your identification has been saved in /etc/ssh/ssh_host_ecdsa_key.
[   29.013443] cloud-init[954]: Your public key has been saved in /etc/ssh/ssh_host_ecdsa_key.pub.
         Starting /etc/rc.local Compatibility...
[   29.014114] cloud-init[954]: The key fingerprint is:
[   29.055271] cloud-init[954]: SHA256:VRcKnGhB5U8kXXHnXpYIkc3m8WGwtCyadN0K84o1N+A root@ubuntu-xenial
[   29.055618] cloud-init[954]: The key's randomart image is:
[   29.055678] cloud-init[954]: +---[ECDSA 256]---+
[   29.055722] cloud-init[954]: |       .o=+=B+*oo|
[   29.055765] cloud-init[954]: |        o.o**B==o|
[   29.055805] cloud-init[954]: |       . .o*=*+o=|
[   29.056556] cloud-init[954]: |        ..=o*..+.|
[   29.057344] cloud-init[954]: |        So E.=  .|
[   29.057649] cloud-init[954]: |          o + .  |
[   29.057972] cloud-init[954]: |         . .     |
[   29.058491] cloud-init[954]: |                 |
[   29.059300] cloud-init[954]: |                 |
[   29.060672] cloud-init[954]: +----[SHA256]-----+
[   29.061819] cloud-init[954]: Generating public/private ed25519 key pair.
[   29.061875] cloud-init[954]: Your identification has been saved in /etc/ssh/ssh_host_ed25519_key.
[   29.061921] cloud-init[954]: Your public key has been saved in /etc/ssh/ssh_host_ed25519_key.pub.
[   29.061965] cloud-init[954]: The key fingerprint is:
[   29.062014] cloud-init[954]: SHA256:n+JqladRjJD7mXdhRcgp6u2i5ULlL3bpmceVS0Akd8s root@ubuntu-xenial
[   29.062060] cloud-init[954]: The key's randomart image is:
[   29.062110] cloud-init[954]: +--[ED25519 256]--+
[   29.062160] cloud-init[954]: |       .  .oo+o  |
[   29.062206] cloud-init[954]: |      o   .o=o.. |
[   29.062251] cloud-init[954]: |       o + o .E  |
[   29.062297] cloud-init[954]: |      . + o +    |
[   29.062356] cloud-init[954]: |       =S* . o . |
[   29.062409] cloud-init[954]: |      . X.+.. +  |
[   29.062455] cloud-init[954]: |     . .oBo+ o . |
[   29.062506] cloud-init[954]: |      o+=.=oo .  |
[   29.062964] cloud-init[954]: |     .o=o=+.     |
[   29.063005] cloud-init[954]: +----[SHA256]-----+
[   29.064383] cloud-init[1061]: Generating locales (this might take a while)...
[[0;32m  OK  [0m] Started D-Bus System Message Bus.
[[0;32m  OK  [0m] Started ACPI event daemon.
         Starting LSB: Record successful boot for GRUB...
         Starting LXD - container startup/shutdown...
[[0;32m  OK  [0m] Started System Logging Service.
[[0;32m  OK  [0m] Started Snappy daemon.
[[0;32m  OK  [0m] Started iSCSI initiator daemon (iscsid).
[[0;32m  OK  [0m] Started Pollinate to seed the pseudo random number generator.
[[0;32m  OK  [0m] Started /etc/rc.local Compatibility.
[[0;32m  OK  [0m] Started LSB: MD monitoring daemon.
[[0;32m  OK  [0m] Started LXD - container startup/shutdown.
[[0;32m  OK  [0m] Started Login Service.
[[0;32m  OK  [0m] Started LSB: Record successful boot for GRUB.
         Starting Authenticate and Authorize Users to Run Privileged Tasks...
         Starting OpenBSD Secure Shell server...
         Starting Login to default iSCSI targets...
[[0;32m  OK  [0m] Started OpenBSD Secure Shell server.
[[0;32m  OK  [0m] Started Authenticate and Authorize Users to Run Privileged Tasks.
[[0;32m  OK  [0m] Started Accounts Service.
[[0;32m  OK  [0m] Started Login to default iSCSI targets.
[[0;32m  OK  [0m] Reached target Remote File Systems (Pre).
[[0;32m  OK  [0m] Reached target Remote File Systems.
         Starting LSB: automatic crash report generation...
         Starting LSB: Set the CPU Frequency Scaling governor to "ondemand"...
         Starting LSB: daemon to balance interrupts for SMP systems...
         Starting Permit User Sessions...
         Starting LSB: VirtualBox Linux Additions...
[[0;32m  OK  [0m] Started Permit User Sessions.
[[0;32m  OK  [0m] Started LSB: Set the CPU Frequency Scaling governor to "ondemand".
[[0;32m  OK  [0m] Started LSB: automatic crash report generation.
         Starting Terminate Plymouth Boot Screen...
         Starting Hold until boot process finishes up...
[[0;32m  OK  [0m] Started LSB: daemon to balance interrupts for SMP systems.
[[0;32m  OK  [0m] Started Terminate Plymouth Boot Screen.
[[0;32m  OK  [0m] Started Hold until boot process finishes up.
[[0;32m  OK  [0m] Created slice User Slice of vagrant.
[   30.273361] cloud-init[1061]:   en_US.UTF-8... done
[[0;32m  OK  [0m] Started Session 1 of user vagrant.
[   30.293891] cloud-init[1061]:          Generation complete.Starting User Manager for UID 1000...

[[0;32m  OK  [0m] Started Serial Getty on ttyS0.
[[0;32m  OK  [0m] Started Getty on tty1.
[[0;32m  OK  [0m] Reached target Login Prompts.
         Starting Set console scheme...
[[0;32m  OK  [0m] Started User Manager for UID 1000.
[[0;32m  OK  [0m] Started Set console scheme.
[[0;32m  OK  [0m] Started LSB: VirtualBox Linux Additions.
[[0;32m  OK  [0m] Reached target Multi-User System.
[[0;32m  OK  [0m] Reached target Graphical Interface.
         Starting Update UTMP about System Runlevel Changes...
[[0;32m  OK  [0m] Started Update UTMP about System Runlevel Changes.
[   30.717938] cloud-init[1061]: Cloud-init v. 17.2 running 'modules:config' at Thu, 22 Mar 2018 08:19:53 +0000. Up 28.72 seconds.
[[0;32m  OK  [0m] Started Apply the settings specified in cloud-config.
         Starting Execute cloud user/final scripts...
ci-info: no authorized ssh keys fingerprints found for user ubuntu.
<14>Mar 22 08:19:56 ec2: 
<14>Mar 22 08:19:56 ec2: #############################################################
<14>Mar 22 08:19:56 ec2: -----BEGIN SSH HOST KEY FINGERPRINTS-----
<14>Mar 22 08:19:56 ec2: 1024 SHA256:VxguTK6QiqD+mtQDVAaaPWhhc36N1kPZYSz3UtKiGQY root@ubuntu-xenial (DSA)
<14>Mar 22 08:19:56 ec2: 256 SHA256:VRcKnGhB5U8kXXHnXpYIkc3m8WGwtCyadN0K84o1N+A root@ubuntu-xenial (ECDSA)
<14>Mar 22 08:19:56 ec2: 256 SHA256:n+JqladRjJD7mXdhRcgp6u2i5ULlL3bpmceVS0Akd8s root@ubuntu-xenial (ED25519)
<14>Mar 22 08:19:56 ec2: 2048 SHA256:6llNYMuKzioFTpHVRH9Cd0yeatLzNvvJamFxHeoTiBc root@ubuntu-xenial (RSA)
<14>Mar 22 08:19:56 ec2: -----END SSH HOST KEY FINGERPRINTS-----
<14>Mar 22 08:19:56 ec2: #############################################################
-----BEGIN SSH HOST KEY KEYS-----
ecdsa-sha2-nistp256 AAAAE2VjZHNhLXNoYTItbmlzdHAyNTYAAAAIbmlzdHAyNTYAAABBBHcSAA2i9/gZkOq560B1MmV9GQk+ZEjdF7OIYKFxqJ6dDhGGOtvDa0OKh5nEBBCF8dIdqxDUYExX2BN+Myv1ah0= root@ubuntu-xenial
ssh-ed25519 AAAAC3NzaC1lZDI1NTE5AAAAIPf9trhGNeqYBmcn1Xnn8YfY6SsEOiDRzt6WILKhXpmC root@ubuntu-xenial
ssh-rsa AAAAB3NzaC1yc2EAAAADAQABAAABAQDaNG67FFwcEnV/PzD3k1dQBB4w7ihlcoCne0OCfiwMqtXdsUPzWKarGR5TTX/EF/GsdTcUjNLsejxzLyCVCyUiX1SwuD6/uyCiiMyoAfrxv77UxhK5fh9Jht/fHAM99VTeQybuPInPFho4gj5B9OW+ijKrAYwvScYj0ECRHdRA4WL4fq1aOYeF9JlHbDFVIyYr/GFp8/TdRGEHJA2K2vQmJdSw2Xh/ttUEO5ABapDXdRkn/VdW9L3ZLKPuYAqytTl3tKX+WHcas56MHe10oWWiObXaM+pkM4Eeit/7gfNWzwXHrsDQVBlrWoa3t76iNj7JnddwMjcT938zocSZjvcZ root@ubuntu-xenial
-----END SSH HOST KEY KEYS-----
[   31.463120] cloud-init[1373]: Cloud-init v. 17.2 running 'modules:final' at Thu, 22 Mar 2018 08:19:55 +0000. Up 31.09 seconds.
[   31.466841] cloud-init[1373]: ci-info: no authorized ssh keys fingerprints found for user ubuntu.
[   31.471272] cloud-init[1373]: Cloud-init v. 17.2 finished at Thu, 22 Mar 2018 08:19:56 +0000. Datasource DataSourceNoCloud [seed=/dev/sdb][dsmode=net].  Up 31.45 seconds
[[0;32m  OK  [0m] Started Execute cloud user/final scripts.
[[0;32m  OK  [0m] Reached target Cloud-init target.

Ubuntu 16.04.4 LTS ubuntu-xenial ttyS0

ubuntu-xenial login: [  724.327571] e1000 0000:00:03.0 enp0s3: Detected Tx Unit Hang
[  724.327571]   Tx Queue             <0>
[  724.327571]   TDH                  <33>
[  724.327571]   TDT                  <35>
[  724.327571]   next_to_use          <35>
[  724.327571]   next_to_clean        <33>
[  724.327571] buffer_info[next_to_clean]
[  724.327571]   time_stamp           <100018cfc>
[  724.327571]   next_to_watch        <34>
[  724.327571]   jiffies              <1000190e6>
[  724.327571]   next_to_watch.status <0>
[  726.623146] e1000 0000:00:03.0 enp0s3: Reset adapter
